<?xml version="1.0" encoding="UTF-8"?>
<!-- Generated by org.testng.reporters.JUnitXMLReporter -->
<testsuite ignored="0" hostname="WINCTRL-OVVSTUP" failures="0" tests="4" name="Default test" time="81.022" errors="0" timestamp="2024-04-29T20:32:30 IST">
  <testcase classname="testpkg.Saucetest" name="logintest" time="16.426"/>
  <testcase classname="testpkg.Saucetest" name="addtocarttest" time="16.512"/>
  <testcase classname="testpkg.Saucetest" name="informationvaluestest" time="11.52"/>
  <testcase classname="testpkg.Saucetest" name="logoouttest" time="18.576"/>
</testsuite> <!-- Default test -->
