<?xml version="1.0" encoding="UTF-8"?>
<testng-results ignored="0" total="4" passed="4" failed="0" skipped="0">
  <reporter-output>
  </reporter-output>
  <suite started-at="2024-04-29T20:31:09 IST" name="Default suite" finished-at="2024-04-29T20:32:30 IST" duration-ms="81022">
    <groups>
    </groups>
    <test started-at="2024-04-29T20:31:09 IST" name="Default test" finished-at="2024-04-29T20:32:30 IST" duration-ms="81022">
      <class name="testpkg.Saucetest">
        <test-method is-config="true" signature="setup()[pri:0, instance:testpkg.Saucetest@2e385cce]" started-at="2024-04-29T20:31:09 IST" name="setup" finished-at="2024-04-29T20:31:21 IST" duration-ms="11392" status="PASS">
          <reporter-output>
          </reporter-output>
        </test-method> <!-- setup -->
        <test-method signature="logintest()[pri:1, instance:testpkg.Saucetest@2e385cce]" started-at="2024-04-29T20:31:21 IST" name="logintest" finished-at="2024-04-29T20:31:37 IST" duration-ms="16426" status="PASS">
          <reporter-output>
          </reporter-output>
        </test-method> <!-- logintest -->
        <test-method signature="addtocarttest()[pri:2, instance:testpkg.Saucetest@2e385cce]" started-at="2024-04-29T20:31:37 IST" name="addtocarttest" finished-at="2024-04-29T20:31:54 IST" duration-ms="16512" status="PASS">
          <reporter-output>
          </reporter-output>
        </test-method> <!-- addtocarttest -->
        <test-method signature="informationvaluestest()[pri:3, instance:testpkg.Saucetest@2e385cce]" started-at="2024-04-29T20:31:54 IST" name="informationvaluestest" finished-at="2024-04-29T20:32:05 IST" duration-ms="11520" status="PASS">
          <reporter-output>
          </reporter-output>
        </test-method> <!-- informationvaluestest -->
        <test-method signature="logoouttest()[pri:4, instance:testpkg.Saucetest@2e385cce]" started-at="2024-04-29T20:32:05 IST" name="logoouttest" finished-at="2024-04-29T20:32:24 IST" duration-ms="18576" status="PASS">
          <reporter-output>
          </reporter-output>
        </test-method> <!-- logoouttest -->
        <test-method is-config="true" signature="teardown()[pri:0, instance:testpkg.Saucetest@2e385cce]" started-at="2024-04-29T20:32:24 IST" name="teardown" finished-at="2024-04-29T20:32:30 IST" duration-ms="6167" status="PASS">
          <reporter-output>
          </reporter-output>
        </test-method> <!-- teardown -->
      </class> <!-- testpkg.Saucetest -->
    </test> <!-- Default test -->
  </suite> <!-- Default suite -->
</testng-results>
